<?xml version="1.0" encoding="UTF-8"?>
<!-- Generated by org.testng.reporters.JUnitXMLReporter -->
<testsuite hostname="DESKTOP-3INCB30" ignored="0" name="Command line test" tests="6" failures="0" timestamp="07 Dec 2019 12:55:57 GMT" time="0.304" errors="0">
  <testcase name="IosAppTest" time="0.044" classname="qaclickacademy.AppiumTest"/>
  <testcase name="NativeAppAndriod" time="0.002" classname="qaclickacademy.AppiumTest"/>
  <testcase name="DeleteTwitter" time="0.003" classname="qaclickacademy.RestApiTest"/>
  <testcase name="PostJira" time="0.002" classname="qaclickacademy.RestApiTest"/>
  <testcase name="BrowserAutomation" time="0.001" classname="qaclickacademy.SeleniumTest"/>
  <testcase name="Elements" time="0.003" classname="qaclickacademy.SeleniumTest"/>
</testsuite> <!-- Command line test -->
