<?xml version="1.0" encoding="UTF-8"?>
<!-- Generated by org.testng.reporters.JUnitXMLReporter -->
<testsuite hostname="DESKTOP-3INCB30" ignored="0" name="Regression" tests="6" failures="0" timestamp="07 Dec 2019 12:54:16 GMT" time="0.134" errors="0">
  <testcase name="BrowserAutomation" time="0.018" classname="qaclickacademy.SeleniumTest"/>
  <testcase name="Elements" time="0.002" classname="qaclickacademy.SeleniumTest"/>
  <testcase name="DeleteTwitter" time="0.001" classname="qaclickacademy.RestApiTest"/>
  <testcase name="PostJira" time="0.001" classname="qaclickacademy.RestApiTest"/>
  <testcase name="IosAppTest" time="0.001" classname="qaclickacademy.AppiumTest"/>
  <testcase name="NativeAppAndriod" time="0.002" classname="qaclickacademy.AppiumTest"/>
</testsuite> <!-- Regression -->
