<?xml version="1.0" encoding="UTF-8"?>
<!-- Generated by org.testng.reporters.JUnitXMLReporter -->
<testsuite hostname="DESKTOP-3INCB30" ignored="0" name="Smoke" tests="4" failures="0" timestamp="07 Dec 2019 12:53:24 GMT" time="0.274" errors="0">
  <testcase name="BrowserAutomation" time="0.038" classname="qaclickacademy.SeleniumTest"/>
  <testcase name="Elements" time="0.002" classname="qaclickacademy.SeleniumTest"/>
  <testcase name="DeleteTwitter" time="0.006" classname="qaclickacademy.RestApiTest"/>
  <testcase name="PostJira" time="0.009" classname="qaclickacademy.RestApiTest"/>
</testsuite> <!-- Smoke -->
