<?xml version="1.0" encoding="UTF-8"?>
<testng-results skipped="0" failed="0" ignored="0" total="6" passed="6">
  <reporter-output>
  </reporter-output>
  <suite name="Command line suite" duration-ms="304" started-at="2019-12-07T12:55:57Z" finished-at="2019-12-07T12:55:57Z">
    <groups>
    </groups>
    <test name="Command line test" duration-ms="304" started-at="2019-12-07T12:55:57Z" finished-at="2019-12-07T12:55:57Z">
      <class name="qaclickacademy.AppiumTest">
        <test-method status="PASS" signature="IosAppTest()[pri:0, instance:qaclickacademy.AppiumTest@17c68925]" name="IosAppTest" duration-ms="44" started-at="2019-12-07T12:55:57Z" finished-at="2019-12-07T12:55:57Z">
          <reporter-output>
          </reporter-output>
        </test-method> <!-- IosAppTest -->
        <test-method status="PASS" signature="NativeAppAndriod()[pri:0, instance:qaclickacademy.AppiumTest@17c68925]" name="NativeAppAndriod" duration-ms="2" started-at="2019-12-07T12:55:57Z" finished-at="2019-12-07T12:55:57Z">
          <reporter-output>
          </reporter-output>
        </test-method> <!-- NativeAppAndriod -->
      </class> <!-- qaclickacademy.AppiumTest -->
      <class name="qaclickacademy.RestApiTest">
        <test-method status="PASS" signature="DeleteTwitter()[pri:0, instance:qaclickacademy.RestApiTest@7e0ea639]" name="DeleteTwitter" duration-ms="3" started-at="2019-12-07T12:55:57Z" finished-at="2019-12-07T12:55:57Z">
          <reporter-output>
          </reporter-output>
        </test-method> <!-- DeleteTwitter -->
        <test-method status="PASS" signature="PostJira()[pri:0, instance:qaclickacademy.RestApiTest@7e0ea639]" name="PostJira" duration-ms="2" started-at="2019-12-07T12:55:57Z" finished-at="2019-12-07T12:55:57Z">
          <reporter-output>
          </reporter-output>
        </test-method> <!-- PostJira -->
      </class> <!-- qaclickacademy.RestApiTest -->
      <class name="qaclickacademy.SeleniumTest">
        <test-method status="PASS" signature="BrowserAutomation()[pri:0, instance:qaclickacademy.SeleniumTest@3d24753a]" name="BrowserAutomation" duration-ms="1" started-at="2019-12-07T12:55:57Z" finished-at="2019-12-07T12:55:57Z">
          <reporter-output>
          </reporter-output>
        </test-method> <!-- BrowserAutomation -->
        <test-method status="PASS" signature="Elements()[pri:0, instance:qaclickacademy.SeleniumTest@3d24753a]" name="Elements" duration-ms="3" started-at="2019-12-07T12:55:57Z" finished-at="2019-12-07T12:55:57Z">
          <reporter-output>
          </reporter-output>
        </test-method> <!-- Elements -->
      </class> <!-- qaclickacademy.SeleniumTest -->
    </test> <!-- Command line test -->
  </suite> <!-- Command line suite -->
</testng-results>
